mode: set
_\C_\Users\JuliánAndrés\SkyDrive\Desktop\GoLang\goteam\database.go:15.82,16.16 1 1
_\C_\Users\JuliánAndrés\SkyDrive\Desktop\GoLang\goteam\database.go:34.2,34.50 1 1
_\C_\Users\JuliánAndrés\SkyDrive\Desktop\GoLang\goteam\database.go:16.16,20.21 2 1
_\C_\Users\JuliánAndrés\SkyDrive\Desktop\GoLang\goteam\database.go:24.3,28.17 4 0
_\C_\Users\JuliánAndrés\SkyDrive\Desktop\GoLang\goteam\database.go:20.21,22.4 1 1
_\C_\Users\JuliánAndrés\SkyDrive\Desktop\GoLang\goteam\database.go:28.17,29.14 1 0
_\C_\Users\JuliánAndrés\SkyDrive\Desktop\GoLang\goteam\database.go:30.4,32.4 1 0
_\C_\Users\JuliánAndrés\SkyDrive\Desktop\GoLang\goteam\database.go:41.85,42.16 1 1
_\C_\Users\JuliánAndrés\SkyDrive\Desktop\GoLang\goteam\database.go:59.2,59.50 1 1
_\C_\Users\JuliánAndrés\SkyDrive\Desktop\GoLang\goteam\database.go:42.16,45.21 2 1
_\C_\Users\JuliánAndrés\SkyDrive\Desktop\GoLang\goteam\database.go:49.3,53.17 4 0
_\C_\Users\JuliánAndrés\SkyDrive\Desktop\GoLang\goteam\database.go:45.21,47.4 1 1
_\C_\Users\JuliánAndrés\SkyDrive\Desktop\GoLang\goteam\database.go:53.17,55.4 1 0
_\C_\Users\JuliánAndrés\SkyDrive\Desktop\GoLang\goteam\database.go:55.4,57.4 1 0
_\C_\Users\JuliánAndrés\SkyDrive\Desktop\GoLang\goteam\database.go:65.65,66.16 1 1
_\C_\Users\JuliánAndrés\SkyDrive\Desktop\GoLang\goteam\database.go:79.2,79.50 1 1
_\C_\Users\JuliánAndrés\SkyDrive\Desktop\GoLang\goteam\database.go:66.16,68.21 2 1
_\C_\Users\JuliánAndrés\SkyDrive\Desktop\GoLang\goteam\database.go:71.3,75.17 4 0
_\C_\Users\JuliánAndrés\SkyDrive\Desktop\GoLang\goteam\database.go:68.21,70.4 1 1
_\C_\Users\JuliánAndrés\SkyDrive\Desktop\GoLang\goteam\database.go:75.17,77.4 1 0
_\C_\Users\JuliánAndrés\SkyDrive\Desktop\GoLang\goteam\database.go:85.39,88.16 3 1
_\C_\Users\JuliánAndrés\SkyDrive\Desktop\GoLang\goteam\database.go:95.2,95.12 1 1
_\C_\Users\JuliánAndrés\SkyDrive\Desktop\GoLang\goteam\database.go:88.16,91.3 0 1
_\C_\Users\JuliánAndrés\SkyDrive\Desktop\GoLang\goteam\database.go:91.3,94.3 2 0
_\C_\Users\JuliánAndrés\SkyDrive\Desktop\GoLang\goteam\firebase.go:17.30,21.2 3 1
_\C_\Users\JuliánAndrés\SkyDrive\Desktop\GoLang\goteam\firebase.go:26.47,28.36 2 1
_\C_\Users\JuliánAndrés\SkyDrive\Desktop\GoLang\goteam\firebase.go:31.2,31.13 1 1
_\C_\Users\JuliánAndrés\SkyDrive\Desktop\GoLang\goteam\firebase.go:28.36,30.3 1 1
